<?xml version="1.0" encoding="UTF-8"?>
<testsuite xmlns:xsi="http://www.w3.org/2001/XMLSchema-instance" xsi:noNamespaceSchemaLocation="https://maven.apache.org/surefire/maven-surefire-plugin/xsd/surefire-test-report.xsd" version="3.0.2" name="com.crms.CRMSAppTest" time="0.312" tests="8" errors="0" skipped="0" failures="0">
  <properties>
[...]
</properties>
  <testcase name="carSerializationSkipsBranchLazyCollections" classname="com.crms.CRMSAppTest" time="0.241"/>
  <testcase name="reservationStatusTransitionsWork" classname="com.crms.CRMSAppTest" time="0.003"/>
  <testcase name="reservationSerializationSkipsLazyCollections" classname="com.crms.CRMSAppTest" time="0.012"/>
  <testcase name="customerOutstandingBalanceIsDetected" classname="com.crms.CRMSAppTest" time="0.002"/>
  <testcase name="damageUpdateStatusWorks" classname="com.crms.CRMSAppTest" time="0.003"/>
  <testcase name="branchAddressIsHandled" classname="com.crms.CRMSAppTest" time="0.002"/>
  <testcase name="carAvailabilityLogicWorks" classname="com.crms.CRMSAppTest" time="0.0"/>
  <testcase name="rentalSerializationSkipsBackReferenceCollections" classname="com.crms.CRMSAppTest" time="0.016"/>
</testsuite>